<?xml version="1.0" encoding="UTF-8"?>
<testng-results ignored="0" total="1" passed="1" failed="0" skipped="0">
  <reporter-output>
  </reporter-output>
  <suite started-at="2023-12-23T14:45:44 IST" name="Default suite" finished-at="2023-12-23T14:45:52 IST" duration-ms="7885">
    <groups>
    </groups>
    <test started-at="2023-12-23T14:45:44 IST" name="Default test" finished-at="2023-12-23T14:45:52 IST" duration-ms="7885">
      <class name="ExtentReport.Program">
        <test-method signature="report()[pri:0, instance:ExtentReport.Program@478190fc]" started-at="2023-12-23T14:45:44 IST" name="report" finished-at="2023-12-23T14:45:52 IST" duration-ms="7844" status="PASS">
          <reporter-output>
          </reporter-output>
        </test-method> <!-- report -->
      </class> <!-- ExtentReport.Program -->
    </test> <!-- Default test -->
  </suite> <!-- Default suite -->
</testng-results>
